<?xml version="1.0" encoding="UTF-8"?>
<testng-results skipped="0" failed="0" ignored="0" total="4" passed="4">
  <reporter-output>
  </reporter-output>
  <suite name="Suite" duration-ms="42" started-at="2021-04-20T12:20:45Z" finished-at="2021-04-20T12:20:45Z">
    <groups>
    </groups>
    <test name="Test" duration-ms="42" started-at="2021-04-20T12:20:45Z" finished-at="2021-04-20T12:20:45Z">
      <class name="qaclickacademy.RESTAPITest">
        <test-method status="PASS" signature="deleteTwitter()[pri:0, instance:qaclickacademy.RESTAPITest@657c8ad9]" name="deleteTwitter" duration-ms="0" started-at="2021-04-20T12:20:45Z" finished-at="2021-04-20T12:20:45Z">
          <reporter-output>
          </reporter-output>
        </test-method> <!-- deleteTwitter -->
        <test-method status="PASS" signature="postJira()[pri:0, instance:qaclickacademy.RESTAPITest@657c8ad9]" name="postJira" duration-ms="0" started-at="2021-04-20T12:20:45Z" finished-at="2021-04-20T12:20:45Z">
          <reporter-output>
          </reporter-output>
        </test-method> <!-- postJira -->
      </class> <!-- qaclickacademy.RESTAPITest -->
      <class name="qaclickacademy.SeleniumTest">
        <test-method status="PASS" signature="BrowserAutomation()[pri:0, instance:qaclickacademy.SeleniumTest@475e586c]" name="BrowserAutomation" duration-ms="10" started-at="2021-04-20T12:20:45Z" finished-at="2021-04-20T12:20:45Z">
          <reporter-output>
          </reporter-output>
        </test-method> <!-- BrowserAutomation -->
        <test-method status="PASS" signature="elementsUI()[pri:0, instance:qaclickacademy.SeleniumTest@475e586c]" name="elementsUI" duration-ms="0" started-at="2021-04-20T12:20:45Z" finished-at="2021-04-20T12:20:45Z">
          <reporter-output>
          </reporter-output>
        </test-method> <!-- elementsUI -->
      </class> <!-- qaclickacademy.SeleniumTest -->
    </test> <!-- Test -->
  </suite> <!-- Suite -->
</testng-results>
